# JRE version: Java(TM) SE Runtime Environment (8.0_60-b27) (build 1.8.0_60-b27)
# Java VM: Java HotSpot(TM) 64-Bit Server VM (25.60-b23 mixed mode windows-amd64 compressed oops)
Heap:
 PSYoungGen      total 305664K, used 254213K [0x00000000eab00000, 0x0000000100000000, 0x0000000100000000)
  eden space 265216K, 95% used [0x00000000eab00000,0x00000000fa3415a0,0x00000000fae00000)
  from space 40448K, 0% used [0x00000000fd800000,0x00000000fd800000,0x00000000fff80000)
  to   space 41984K, 0% used [0x00000000fae00000,0x00000000fae00000,0x00000000fd700000)
 ParOldGen       total 477184K, used 94408K [0x00000000c0000000, 0x00000000dd200000, 0x00000000eab00000)
  object space 477184K, 19% used [0x00000000c0000000,0x00000000c5c32100,0x00000000dd200000)
 Metaspace       used 114425K, capacity 123806K, committed 124108K, reserved 1157120K
  class space    used 13812K, capacity 16781K, committed 16896K, reserved 1048576K
GC Heap History (10 events):
Event: 210.604 GC heap before
{Heap before GC invocations=20 (full 8):
 PSYoungGen      total 308224K, used 19610K [0x00000000eab00000, 0x00000000fff80000, 0x0000000100000000)
  eden space 266752K, 0% used [0x00000000eab00000,0x00000000eab00000,0x00000000faf80000)
  from space 41472K, 47% used [0x00000000fd700000,0x00000000fea26b98,0x00000000fff80000)
  to   space 40448K, 0% used [0x00000000faf80000,0x00000000faf80000,0x00000000fd700000)
 ParOldGen       total 477184K, used 89939K [0x00000000c0000000, 0x00000000dd200000, 0x00000000eab00000)
  object space 477184K, 18% used [0x00000000c0000000,0x00000000c57d4ee0,0x00000000dd200000)
 Metaspace       used 110056K, capacity 118676K, committed 118988K, reserved 1153024K
  class space    used 13355K, capacity 16081K, committed 16128K, reserved 1048576K
Event: 211.192 GC heap after
Heap after GC invocations=20 (full 8):
 PSYoungGen      total 308224K, used 0K [0x00000000eab00000, 0x00000000fff80000, 0x0000000100000000)
  eden space 266752K, 0% used [0x00000000eab00000,0x00000000eab00000,0x00000000faf80000)
  from space 41472K, 0% used [0x00000000fd700000,0x00000000fd700000,0x00000000fff80000)
  to   space 40448K, 0% used [0x00000000faf80000,0x00000000faf80000,0x00000000fd700000)
 ParOldGen       total 477184K, used 107177K [0x00000000c0000000, 0x00000000dd200000, 0x00000000eab00000)
  object space 477184K, 22% used [0x00000000c0000000,0x00000000c68aa7f0,0x00000000dd200000)
 Metaspace       used 110056K, capacity 118676K, committed 118988K, reserved 1153024K
  class space    used 13355K, capacity 16081K, committed 16128K, reserved 1048576K
}
Event: 275.026 GC heap before
{Heap before GC invocations=21 (full 8):
 PSYoungGen      total 308224K, used 161098K [0x00000000eab00000, 0x00000000fff80000, 0x0000000100000000)
  eden space 266752K, 60% used [0x00000000eab00000,0x00000000f4852b10,0x00000000faf80000)
  from space 41472K, 0% used [0x00000000fd700000,0x00000000fd700000,0x00000000fff80000)
  to   space 40448K, 0% used [0x00000000faf80000,0x00000000faf80000,0x00000000fd700000)
 ParOldGen       total 477184K, used 107177K [0x00000000c0000000, 0x00000000dd200000, 0x00000000eab00000)
  object space 477184K, 22% used [0x00000000c0000000,0x00000000c68aa7f0,0x00000000dd200000)
 Metaspace       used 111789K, capacity 120724K, committed 120908K, reserved 1153024K
  class space    used 13615K, capacity 16446K, committed 16512K, reserved 1048576K
Event: 275.063 GC heap after
Heap after GC invocations=21 (full 8):
 PSYoungGen      total 307200K, used 14336K [0x00000000eab00000, 0x00000000fff80000, 0x0000000100000000)
  eden space 266752K, 0% used [0x00000000eab00000,0x00000000eab00000,0x00000000faf80000)
  from space 40448K, 35% used [0x00000000faf80000,0x00000000fbd80250,0x00000000fd700000)
  to   space 40448K, 0% used [0x00000000fd800000,0x00000000fd800000,0x00000000fff80000)
 ParOldGen       total 477184K, used 107185K [0x00000000c0000000, 0x00000000dd200000, 0x00000000eab00000)
  object space 477184K, 22% used [0x00000000c0000000,0x00000000c68ac7f0,0x00000000dd200000)
 Metaspace       used 111789K, capacity 120724K, committed 120908K, reserved 1153024K
  class space    used 13615K, capacity 16446K, committed 16512K, reserved 1048576K
}
Event: 275.063 GC heap before
{Heap before GC invocations=22 (full 9):
 PSYoungGen      total 307200K, used 14336K [0x00000000eab00000, 0x00000000fff80000, 0x0000000100000000)
  eden space 266752K, 0% used [0x00000000eab00000,0x00000000eab00000,0x00000000faf80000)
  from space 40448K, 35% used [0x00000000faf80000,0x00000000fbd80250,0x00000000fd700000)
  to   space 40448K, 0% used [0x00000000fd800000,0x00000000fd800000,0x00000000fff80000)
 ParOldGen       total 477184K, used 107185K [0x00000000c0000000, 0x00000000dd200000, 0x00000000eab00000)
  object space 477184K, 22% used [0x00000000c0000000,0x00000000c68ac7f0,0x00000000dd200000)
 Metaspace       used 111789K, capacity 120724K, committed 120908K, reserved 1153024K
  class space    used 13615K, capacity 16446K, committed 16512K, reserved 1048576K
Event: 276.767 GC heap after
Heap after GC invocations=22 (full 9):
 PSYoungGen      total 307200K, used 0K [0x00000000eab00000, 0x00000000fff80000, 0x0000000100000000)
  eden space 266752K, 0% used [0x00000000eab00000,0x00000000eab00000,0x00000000faf80000)
  from space 40448K, 0% used [0x00000000faf80000,0x00000000faf80000,0x00000000fd700000)
  to   space 40448K, 0% used [0x00000000fd800000,0x00000000fd800000,0x00000000fff80000)
 ParOldGen       total 477184K, used 107522K [0x00000000c0000000, 0x00000000dd200000, 0x00000000eab00000)
  object space 477184K, 22% used [0x00000000c0000000,0x00000000c69009a0,0x00000000dd200000)
 Metaspace       used 111789K, capacity 120724K, committed 120908K, reserved 1153024K
  class space    used 13615K, capacity 16446K, committed 16512K, reserved 1048576K
}
Event: 379.499 GC heap before
{Heap before GC invocations=23 (full 9):
 PSYoungGen      total 307200K, used 44112K [0x00000000eab00000, 0x00000000fff80000, 0x0000000100000000)
  eden space 266752K, 16% used [0x00000000eab00000,0x00000000ed614300,0x00000000faf80000)
  from space 40448K, 0% used [0x00000000faf80000,0x00000000faf80000,0x00000000fd700000)
  to   space 40448K, 0% used [0x00000000fd800000,0x00000000fd800000,0x00000000fff80000)
 ParOldGen       total 477184K, used 107522K [0x00000000c0000000, 0x00000000dd200000, 0x00000000eab00000)
  object space 477184K, 22% used [0x00000000c0000000,0x00000000c69009a0,0x00000000dd200000)
 Metaspace       used 112218K, capacity 121044K, committed 121420K, reserved 1155072K
  class space    used 13623K, capacity 16446K, committed 16512K, reserved 1048576K
Event: 379.521 GC heap after
Heap after GC invocations=23 (full 9):
 PSYoungGen      total 305664K, used 2432K [0x00000000eab00000, 0x0000000100000000, 0x0000000100000000)
  eden space 265216K, 0% used [0x00000000eab00000,0x00000000eab00000,0x00000000fae00000)
  from space 40448K, 6% used [0x00000000fd800000,0x00000000fda60058,0x00000000fff80000)
  to   space 41984K, 0% used [0x00000000fae00000,0x00000000fae00000,0x00000000fd700000)
 ParOldGen       total 477184K, used 107530K [0x00000000c0000000, 0x00000000dd200000, 0x00000000eab00000)
  object space 477184K, 22% used [0x00000000c0000000,0x00000000c69029a0,0x00000000dd200000)
 Metaspace       used 112218K, capacity 121044K, committed 121420K, reserved 1155072K
  class space    used 13623K, capacity 16446K, committed 16512K, reserved 1048576K
}
Event: 379.521 GC heap before
{Heap before GC invocations=24 (full 10):
 PSYoungGen      total 305664K, used 2432K [0x00000000eab00000, 0x0000000100000000, 0x0000000100000000)
  eden space 265216K, 0% used [0x00000000eab00000,0x00000000eab00000,0x00000000fae00000)
  from space 40448K, 6% used [0x00000000fd800000,0x00000000fda60058,0x00000000fff80000)
  to   space 41984K, 0% used [0x00000000fae00000,0x00000000fae00000,0x00000000fd700000)
 ParOldGen       total 477184K, used 107530K [0x00000000c0000000, 0x00000000dd200000, 0x00000000eab00000)
  object space 477184K, 22% used [0x00000000c0000000,0x00000000c69029a0,0x00000000dd200000)
 Metaspace       used 112218K, capacity 121044K, committed 121420K, reserved 1155072K
  class space    used 13623K, capacity 16446K, committed 16512K, reserved 1048576K
Event: 381.234 GC heap after
Heap after GC invocations=24 (full 10):
 PSYoungGen      total 305664K, used 0K [0x00000000eab00000, 0x0000000100000000, 0x0000000100000000)
  eden space 265216K, 0% used [0x00000000eab00000,0x00000000eab00000,0x00000000fae00000)
  from space 40448K, 0% used [0x00000000fd800000,0x00000000fd800000,0x00000000fff80000)
  to   space 41984K, 0% used [0x00000000fae00000,0x00000000fae00000,0x00000000fd700000)
 ParOldGen       total 477184K, used 94408K [0x00000000c0000000, 0x00000000dd200000, 0x00000000eab00000)
  object space 477184K, 19% used [0x00000000c0000000,0x00000000c5c32100,0x00000000dd200000)
 Metaspace       used 112218K, capacity 121044K, committed 121420K, reserved 1155072K
  class space    used 13623K, capacity 16446K, committed 16512K, reserved 1048576K
}

